<?xml version="1.0" encoding="UTF-8"?>
<!-- Generated by org.testng.reporters.JUnitXMLReporter -->
<testsuite ignored="0" hostname="DESKTOP-S2085P6" failures="0" tests="5" name="Test" time="43.667" errors="0" timestamp="2026-06-22T10:46:16 IST">
  <testcase classname="com.qa.testcases.LoginPageTest" name="testloginWithValidInput" time="6.747"/>
  <testcase classname="com.qa.testcases.LoginPageTest" name="testloginWithInvalidData" time="1.154"/>
  <testcase classname="com.qa.testcases.LoginPageTest" name="loginwithEmptyFiled" time="1.002"/>
  <testcase classname="com.qa.testcases.LoginPageTest" name="testTogglePasswordVisibility_WhenUserClicksEyeIcon" time="1.262"/>
  <testcase classname="com.qa.testcases.LoginPageTest" name="testLogoisDisplay" time="0.038"/>
</testsuite> <!-- Test -->
