<?xml version="1.0" encoding="UTF-8"?>
<!-- Generated by org.testng.reporters.JUnitXMLReporter -->
<testsuite ignored="2" hostname="DESKTOP-S2085P6" failures="0" tests="1" name="Category PageTest" time="12.949" errors="0" timestamp="2025-06-27T01:28:59 IST">
  <testcase classname="com.qa.testcases.CategoryPageTest" name="testAddCategoryWithEmptyFiled" time="1.298"/>
  <testcase classname="com.qa.testcases.CategoryPageTest" name="testaddNewCategoryWithValid_Input" time="0.0">
    <ignored/>
  </testcase> <!-- testaddNewCategoryWithValid_Input -->
  <testcase classname="com.qa.testcases.CategoryPageTest" name="testAddNewCategory_WithDuplicateName" time="0.0">
    <ignored/>
  </testcase> <!-- testAddNewCategory_WithDuplicateName -->
</testsuite> <!-- Category PageTest -->
