<?xml version="1.0" encoding="UTF-8"?>
<!-- Generated by org.testng.reporters.JUnitXMLReporter -->
<testsuite ignored="5" hostname="DESKTOP-S2085P6" failures="0" tests="2" name="Category PageTest2" time="24.775" errors="0" timestamp="2025-07-04T14:02:54 IST">
  <testcase classname="com.qa.testcases.CategoryPageTest" name="testSearchFunctionality_WithValidInput" time="0.27"/>
  <testcase classname="com.qa.testcases.CategoryPageTest" name="testSearchFunctionalityWithValidInvalidInput" time="0.304"/>
  <testcase classname="com.qa.testcases.CategoryPageTest" name="testaddNewCategoryWithValid_Input" time="0.0">
    <ignored/>
  </testcase> <!-- testaddNewCategoryWithValid_Input -->
  <testcase classname="com.qa.testcases.CategoryPageTest" name="testAddNewCategory_WithDuplicateName" time="0.0">
    <ignored/>
  </testcase> <!-- testAddNewCategory_WithDuplicateName -->
  <testcase classname="com.qa.testcases.CategoryPageTest" name="testDeleteCategory" time="0.0">
    <ignored/>
  </testcase> <!-- testDeleteCategory -->
  <testcase classname="com.qa.testcases.CategoryPageTest" name="testAddCategoryWithEmptyFiled" time="0.0">
    <ignored/>
  </testcase> <!-- testAddCategoryWithEmptyFiled -->
  <testcase classname="com.qa.testcases.CategoryPageTest" name="updateExistingCategoryTest" time="0.0">
    <ignored/>
  </testcase> <!-- updateExistingCategoryTest -->
</testsuite> <!-- Category PageTest2 -->
