<?xml version="1.0" encoding="UTF-8"?>
<!-- Generated by org.testng.reporters.JUnitXMLReporter -->
<testsuite ignored="1" hostname="DESKTOP-S2085P6" failures="0" tests="2" name="Default test" time="4734.796" errors="0" timestamp="2025-06-27T14:37:21 IST">
  <testcase classname="com.qa.testcases.CategoryPageTest" name="testAddCategoryWithEmptyFiled" time="176.591"/>
  <testcase classname="com.qa.testcases.CategoryPageTest" name="testaddNewCategoryWithValid_Input" time="4277.658"/>
  <testcase classname="com.qa.testcases.CategoryPageTest" name="testAddNewCategory_WithDuplicateName" time="0.0">
    <ignored/>
  </testcase> <!-- testAddNewCategory_WithDuplicateName -->
</testsuite> <!-- Default test -->
