<?xml version="1.0" encoding="UTF-8"?>
<!-- Generated by org.testng.reporters.JUnitXMLReporter -->
<testsuite ignored="1" hostname="DESKTOP-S2085P6" failures="0" tests="4" name="Default test" time="22.115" errors="0" timestamp="2026-03-07T05:54:57 IST">
  <testcase classname="com.qa.testcases.LoginPageTest" name="testloginWithValidInput" time="4.437"/>
  <testcase classname="com.qa.testcases.LoginPageTest" name="loginwithEmptyFiled" time="1.262"/>
  <testcase classname="com.qa.testcases.LoginPageTest" name="testTogglePasswordVisibility_WhenUserClicksEyeIcon" time="1.344"/>
  <testcase classname="com.qa.testcases.LoginPageTest" name="testLogoisDisplay" time="0.049"/>
  <testcase classname="com.qa.testcases.LoginPageTest" name="testloginWithInvalidData" time="0.0">
    <ignored/>
  </testcase> <!-- testloginWithInvalidData -->
</testsuite> <!-- Default test -->
