<?xml version="1.0" encoding="UTF-8"?>
<!-- Generated by org.testng.reporters.JUnitXMLReporter -->
<testsuite ignored="4" hostname="DESKTOP-S2085P6" failures="0" tests="1" name="Test" time="7.562" errors="0" timestamp="2025-06-27T00:01:54 IST">
  <testcase classname="com.qa.testcases.LoginPageTest" name="loginwithEmptyFiled" time="1.231"/>
  <testcase classname="com.qa.testcases.LoginPageTest" name="testLogoisDisplay" time="0.0">
    <ignored/>
  </testcase> <!-- testLogoisDisplay -->
  <testcase classname="com.qa.testcases.LoginPageTest" name="testTogglePasswordVisibility_WhenUserClicksEyeIcon" time="0.0">
    <ignored/>
  </testcase> <!-- testTogglePasswordVisibility_WhenUserClicksEyeIcon -->
  <testcase classname="com.qa.testcases.LoginPageTest" name="testloginWithInvalidData" time="0.0">
    <ignored/>
  </testcase> <!-- testloginWithInvalidData -->
  <testcase classname="com.qa.testcases.LoginPageTest" name="testloginWithValidInput" time="0.0">
    <ignored/>
  </testcase> <!-- testloginWithValidInput -->
</testsuite> <!-- Test -->
