<?xml version="1.0" encoding="UTF-8"?>
<!-- Generated by org.testng.reporters.JUnitXMLReporter -->
<testsuite ignored="0" hostname="DESKTOP-S2085P6" failures="1" tests="1" name="Test" time="13.578" errors="0" timestamp="2025-07-09T14:53:40 IST">
  <testcase classname="com.qa.testcases.SubCategoryPageTest" name="deleteSubCategoryTest" time="2.739">
    <failure type="java.lang.AssertionError" message=" Delete Subcategory still present in the list.  expected [false] but found [true]">
      <![CDATA[java.lang.AssertionError:  Delete Subcategory still present in the list.  expected [false] but found [true]
at com.qa.testcases.SubCategoryPageTest.deleteSubCategoryTest(SubCategoryPageTest.java:77)
at java.base/java.util.ArrayList.forEach(ArrayList.java:1511)
... Removed 30 stack frames]]>
    </failure>
  </testcase> <!-- deleteSubCategoryTest -->
</testsuite> <!-- Test -->
