<?xml version="1.0" encoding="UTF-8"?>
<!-- Generated by org.testng.reporters.JUnitXMLReporter -->
<testsuite ignored="2" hostname="DESKTOP-S2085P6" failures="0" tests="1" name="Test1" time="20.72" errors="0" timestamp="2025-07-09T15:15:52 IST">
  <testcase classname="com.qa.testcases.SubCategoryPageTest" name="addNewSubCategoryTest" time="7.425"/>
  <testcase classname="com.qa.testcases.SubCategoryPageTest" name="deleteSubCategoryTest" time="0.0">
    <ignored/>
  </testcase> <!-- deleteSubCategoryTest -->
  <testcase classname="com.qa.testcases.SubCategoryPageTest" name="testUpdatesupcategoryDetails" time="0.0">
    <ignored/>
  </testcase> <!-- testUpdatesupcategoryDetails -->
</testsuite> <!-- Test1 -->
