<?xml version="1.0" encoding="UTF-8"?>
<!-- Generated by org.testng.reporters.JUnitXMLReporter -->
<testsuite ignored="2" hostname="DESKTOP-S2085P6" failures="0" tests="1" name="Test2" time="16.347" errors="0" timestamp="2025-07-09T15:18:37 IST">
  <testcase classname="com.qa.testcases.SubCategoryPageTest" name="testUpdatesupcategoryDetails" time="7.376"/>
  <testcase classname="com.qa.testcases.SubCategoryPageTest" name="deleteSubCategoryTest" time="0.0">
    <ignored/>
  </testcase> <!-- deleteSubCategoryTest -->
  <testcase classname="com.qa.testcases.SubCategoryPageTest" name="addNewSubCategoryTest" time="0.0">
    <ignored/>
  </testcase> <!-- addNewSubCategoryTest -->
</testsuite> <!-- Test2 -->
