<?xml version="1.0" encoding="UTF-8"?>
<testsuite xmlns:xsi="http://www.w3.org/2001/XMLSchema-instance" xsi:noNamespaceSchemaLocation="https://maven.apache.org/surefire/maven-surefire-plugin/xsd/surefire-test-report-3.0.xsd" version="3.0" name="TestSuite" time="45.278" tests="5" errors="0" skipped="0" failures="0">
  <properties>
[...]
</properties>
  <testcase name="testloginWithValidInput" classname="com.qa.testcases.LoginPageTest" time="6.791">
    <system-out><![CDATA[Execution of Project Test started
🔷 Test Execution Started: Test
Test Started: testloginWithValidInputstart
[INFO ] 2026-06-22 10:45:46.576 [main] LoginPageTest - Starting  Test:valid login test
[DEBUG] 2026-06-22 10:45:46.926 [main] PackageRelationshipCollection - Parsing relationship: /xl/_rels/workbook.xml.rels
[DEBUG] 2026-06-22 10:45:46.926 [main] PackageRelationshipCollection - Parsing relationship: /xl/worksheets/_rels/sheet1.xml.rels
[DEBUG] 2026-06-22 10:45:46.989 [main] PackageRelationshipCollection - Parsing relationship: /_rels/.rels
[DEBUG] 2026-06-22 10:45:47.713 [main] POIXMLFactory - using default POIXMLDocumentPart for http://schemas.openxmlformats.org/officeDocument/2006/relationships/printerSettings
[DEBUG] 2026-06-22 10:45:48.002 [main] PackageRelationshipCollection - Parsing relationship: /xl/_rels/workbook.xml.rels
[DEBUG] 2026-06-22 10:45:48.004 [main] PackageRelationshipCollection - Parsing relationship: /xl/worksheets/_rels/sheet1.xml.rels
[DEBUG] 2026-06-22 10:45:48.006 [main] PackageRelationshipCollection - Parsing relationship: /_rels/.rels
[DEBUG] 2026-06-22 10:45:48.023 [main] POIXMLFactory - using default POIXMLDocumentPart for http://schemas.openxmlformats.org/officeDocument/2006/relationships/printerSettings
[INFO ] 2026-06-22 10:45:52.225 [main] LoginPageTest - Actual url https://floorfactory.omsdev.in/index
[INFO ] 2026-06-22 10:45:53.235 [main] LoginPageTest - User login and redirected to homepage successfully
 Test Passed: testloginWithValidInputsucceed
]]></system-out>
    <system-err><![CDATA[SLF4J: Failed to load class "org.slf4j.impl.StaticLoggerBinder".
SLF4J: Defaulting to no-operation (NOP) logger implementation
SLF4J: See http://www.slf4j.org/codes.html#StaticLoggerBinder for further details.
Jun 22, 2026 10:45:38 AM org.openqa.selenium.devtools.CdpVersionFinder findNearestMatch
WARNING: Unable to find CDP implementation matching 138
Jun 22, 2026 10:45:38 AM org.openqa.selenium.chromium.ChromiumDriver lambda$new$5
WARNING: Unable to find version of CDP to use for 138.0.7204.158. You may need to include a dependency on a specific version of the CDP using something similar to `org.seleniumhq.selenium:selenium-devtools-v86:4.25.0` where the version ("v86") matches the version of the chromium-based browser you're using and the version number of the artifact is the same as Selenium's.
]]></system-err>
  </testcase>
  <testcase name="testloginWithInvalidData" classname="com.qa.testcases.LoginPageTest" time="1.163">
    <system-out><![CDATA[Test Started: testloginWithInvalidDatastart
[INFO ] 2026-06-22 10:45:58.350 [main] LoginPageTest - Starting Test: with Invalid login test
[DEBUG] 2026-06-22 10:45:58.365 [main] PackageRelationshipCollection - Parsing relationship: /xl/_rels/workbook.xml.rels
[DEBUG] 2026-06-22 10:45:58.368 [main] PackageRelationshipCollection - Parsing relationship: /xl/worksheets/_rels/sheet1.xml.rels
[DEBUG] 2026-06-22 10:45:58.372 [main] PackageRelationshipCollection - Parsing relationship: /_rels/.rels
[DEBUG] 2026-06-22 10:45:58.400 [main] POIXMLFactory - using default POIXMLDocumentPart for http://schemas.openxmlformats.org/officeDocument/2006/relationships/printerSettings
[DEBUG] 2026-06-22 10:45:58.440 [main] PackageRelationshipCollection - Parsing relationship: /xl/_rels/workbook.xml.rels
[DEBUG] 2026-06-22 10:45:58.441 [main] PackageRelationshipCollection - Parsing relationship: /xl/worksheets/_rels/sheet1.xml.rels
[DEBUG] 2026-06-22 10:45:58.444 [main] PackageRelationshipCollection - Parsing relationship: /_rels/.rels
[DEBUG] 2026-06-22 10:45:58.473 [main] POIXMLFactory - using default POIXMLDocumentPart for http://schemas.openxmlformats.org/officeDocument/2006/relationships/printerSettings
[INFO ] 2026-06-22 10:45:59.317 [main] LoginPageTest - Actual url=https://floorfactory.omsdev.in/
[INFO ] 2026-06-22 10:45:59.498 [main] LoginPageTest - Login failed as expected and proper error message was shown
 Test Passed: testloginWithInvalidDatasucceed
]]></system-out>
    <system-err><![CDATA[Jun 22, 2026 10:45:55 AM org.openqa.selenium.devtools.CdpVersionFinder findNearestMatch
WARNING: Unable to find CDP implementation matching 138
Jun 22, 2026 10:45:55 AM org.openqa.selenium.chromium.ChromiumDriver lambda$new$5
WARNING: Unable to find version of CDP to use for 138.0.7204.158. You may need to include a dependency on a specific version of the CDP using something similar to `org.seleniumhq.selenium:selenium-devtools-v86:4.25.0` where the version ("v86") matches the version of the chromium-based browser you're using and the version number of the artifact is the same as Selenium's.
]]></system-err>
  </testcase>
  <testcase name="loginwithEmptyFiled" classname="com.qa.testcases.LoginPageTest" time="1.014">
    <system-out><![CDATA[Test Started: loginwithEmptyFiledstart
[INFO ] 2026-06-22 10:46:03.510 [main] LoginPageTest - starting test:  login with empty filed
[DEBUG] 2026-06-22 10:46:03.517 [main] PackageRelationshipCollection - Parsing relationship: /xl/_rels/workbook.xml.rels
[DEBUG] 2026-06-22 10:46:03.519 [main] PackageRelationshipCollection - Parsing relationship: /xl/worksheets/_rels/sheet1.xml.rels
[DEBUG] 2026-06-22 10:46:03.519 [main] PackageRelationshipCollection - Parsing relationship: /_rels/.rels
[DEBUG] 2026-06-22 10:46:03.536 [main] POIXMLFactory - using default POIXMLDocumentPart for http://schemas.openxmlformats.org/officeDocument/2006/relationships/printerSettings
[DEBUG] 2026-06-22 10:46:03.555 [main] PackageRelationshipCollection - Parsing relationship: /xl/_rels/workbook.xml.rels
[DEBUG] 2026-06-22 10:46:03.559 [main] PackageRelationshipCollection - Parsing relationship: /xl/worksheets/_rels/sheet1.xml.rels
[DEBUG] 2026-06-22 10:46:03.559 [main] PackageRelationshipCollection - Parsing relationship: /_rels/.rels
[DEBUG] 2026-06-22 10:46:03.577 [main] POIXMLFactory - using default POIXMLDocumentPart for http://schemas.openxmlformats.org/officeDocument/2006/relationships/printerSettings
Browser validation message: Please fill out this field.
[INFO ] 2026-06-22 10:46:04.509 [main] LoginPageTest - capture error messagePlease fill out this field.
[INFO ] 2026-06-22 10:46:04.509 [main] LoginPageTest - User cannot login with empty fields, and proper error is shown
 Test Passed: loginwithEmptyFiledsucceed
]]></system-out>
    <system-err><![CDATA[Jun 22, 2026 10:46:01 AM org.openqa.selenium.devtools.CdpVersionFinder findNearestMatch
WARNING: Unable to find CDP implementation matching 138
Jun 22, 2026 10:46:01 AM org.openqa.selenium.chromium.ChromiumDriver lambda$new$5
WARNING: Unable to find version of CDP to use for 138.0.7204.158. You may need to include a dependency on a specific version of the CDP using something similar to `org.seleniumhq.selenium:selenium-devtools-v86:4.25.0` where the version ("v86") matches the version of the chromium-based browser you're using and the version number of the artifact is the same as Selenium's.
]]></system-err>
  </testcase>
  <testcase name="testTogglePasswordVisibility_WhenUserClicksEyeIcon" classname="com.qa.testcases.LoginPageTest" time="1.278">
    <system-out><![CDATA[Test Started: testTogglePasswordVisibility_WhenUserClicksEyeIconstart
[INFO ] 2026-06-22 10:46:08.908 [main] LoginPageTest - Starting Test=Verify Password toggle show/hide functionality
[DEBUG] 2026-06-22 10:46:08.920 [main] PackageRelationshipCollection - Parsing relationship: /xl/_rels/workbook.xml.rels
[DEBUG] 2026-06-22 10:46:08.920 [main] PackageRelationshipCollection - Parsing relationship: /xl/worksheets/_rels/sheet1.xml.rels
[DEBUG] 2026-06-22 10:46:08.923 [main] PackageRelationshipCollection - Parsing relationship: /_rels/.rels
[DEBUG] 2026-06-22 10:46:08.933 [main] POIXMLFactory - using default POIXMLDocumentPart for http://schemas.openxmlformats.org/officeDocument/2006/relationships/printerSettings
[DEBUG] 2026-06-22 10:46:08.946 [main] PackageRelationshipCollection - Parsing relationship: /xl/_rels/workbook.xml.rels
[DEBUG] 2026-06-22 10:46:08.946 [main] PackageRelationshipCollection - Parsing relationship: /xl/worksheets/_rels/sheet1.xml.rels
[DEBUG] 2026-06-22 10:46:08.950 [main] PackageRelationshipCollection - Parsing relationship: /_rels/.rels
[DEBUG] 2026-06-22 10:46:08.959 [main] POIXMLFactory - using default POIXMLDocumentPart for http://schemas.openxmlformats.org/officeDocument/2006/relationships/printerSettings
[INFO ] 2026-06-22 10:46:10.170 [main] LoginPageTest - Password texttext
[INFO ] 2026-06-22 10:46:10.170 [main] LoginPageTest - Password is visible after clicking toggle
 Test Passed: testTogglePasswordVisibility_WhenUserClicksEyeIconsucceed
]]></system-out>
    <system-err><![CDATA[Jun 22, 2026 10:46:06 AM org.openqa.selenium.devtools.CdpVersionFinder findNearestMatch
WARNING: Unable to find CDP implementation matching 138
Jun 22, 2026 10:46:06 AM org.openqa.selenium.chromium.ChromiumDriver lambda$new$5
WARNING: Unable to find version of CDP to use for 138.0.7204.158. You may need to include a dependency on a specific version of the CDP using something similar to `org.seleniumhq.selenium:selenium-devtools-v86:4.25.0` where the version ("v86") matches the version of the chromium-based browser you're using and the version number of the artifact is the same as Selenium's.
]]></system-err>
  </testcase>
  <testcase name="testLogoisDisplay" classname="com.qa.testcases.LoginPageTest" time="0.046">
    <system-out><![CDATA[Test Started: testLogoisDisplaystart
[INFO ] 2026-06-22 10:46:15.546 [main] LoginPageTest - Starting Test: Logo visibility check
[INFO ] 2026-06-22 10:46:15.579 [main] LoginPageTest - Logo displayed statustrue
[INFO ] 2026-06-22 10:46:15.579 [main] LoginPageTest - Logo is visible on the login page
 Test Passed: testLogoisDisplaysucceed
]]></system-out>
    <system-err><![CDATA[Jun 22, 2026 10:46:12 AM org.openqa.selenium.devtools.CdpVersionFinder findNearestMatch
WARNING: Unable to find CDP implementation matching 138
Jun 22, 2026 10:46:12 AM org.openqa.selenium.chromium.ChromiumDriver lambda$new$5
WARNING: Unable to find version of CDP to use for 138.0.7204.158. You may need to include a dependency on a specific version of the CDP using something similar to `org.seleniumhq.selenium:selenium-devtools-v86:4.25.0` where the version ("v86") matches the version of the chromium-based browser you're using and the version number of the artifact is the same as Selenium's.
]]></system-err>
  </testcase>
</testsuite>