<?xml version="1.0" encoding="UTF-8"?>
<testng-results ignored="0" total="5" passed="5" failed="0" skipped="0">
  <reporter-output>
  </reporter-output>
  <suite started-at="2026-06-22T10:45:32 IST" name="Login Test" finished-at="2026-06-22T10:46:15 IST" duration-ms="43667">
    <groups>
      <group name="smoke">
        <method signature="LoginPageTest.testloginWithValidInput()[pri:1, instance:com.qa.testcases.LoginPageTest@732d0d24]" name="testloginWithValidInput" class="com.qa.testcases.LoginPageTest"/>
      </group> <!-- smoke -->
    </groups>
    <test started-at="2026-06-22T10:45:32 IST" name="Test" finished-at="2026-06-22T10:46:15 IST" duration-ms="43667">
      <class name="com.qa.testcases.LoginPageTest">
        <test-method is-config="true" signature="setUp()[pri:0, instance:com.qa.testcases.LoginPageTest@732d0d24]" started-at="2026-06-22T10:45:32 IST" name="setUp" finished-at="2026-06-22T10:45:42 IST" duration-ms="10138" status="PASS">
          <reporter-output>
          </reporter-output>
        </test-method> <!-- setUp -->
        <test-method signature="testloginWithValidInput()[pri:1, instance:com.qa.testcases.LoginPageTest@732d0d24]" started-at="2026-06-22T10:45:46 IST" name="testloginWithValidInput" description="Verify login with valid crendintial" finished-at="2026-06-22T10:45:53 IST" duration-ms="6747" status="PASS">
          <reporter-output>
          </reporter-output>
        </test-method> <!-- testloginWithValidInput -->
        <test-method is-config="true" signature="tearDown()[pri:0, instance:com.qa.testcases.LoginPageTest@732d0d24]" started-at="2026-06-22T10:45:53 IST" name="tearDown" finished-at="2026-06-22T10:45:53 IST" duration-ms="385" status="PASS">
          <reporter-output>
          </reporter-output>
        </test-method> <!-- tearDown -->
        <test-method is-config="true" signature="setUp()[pri:0, instance:com.qa.testcases.LoginPageTest@732d0d24]" started-at="2026-06-22T10:45:53 IST" name="setUp" finished-at="2026-06-22T10:45:58 IST" duration-ms="4673" status="PASS">
          <reporter-output>
          </reporter-output>
        </test-method> <!-- setUp -->
        <test-method signature="testloginWithInvalidData()[pri:2, instance:com.qa.testcases.LoginPageTest@732d0d24]" started-at="2026-06-22T10:45:58 IST" name="testloginWithInvalidData" description="Verify user login with Invalid  credentials" finished-at="2026-06-22T10:45:59 IST" duration-ms="1154" status="PASS">
          <reporter-output>
          </reporter-output>
        </test-method> <!-- testloginWithInvalidData -->
        <test-method is-config="true" signature="tearDown()[pri:0, instance:com.qa.testcases.LoginPageTest@732d0d24]" started-at="2026-06-22T10:45:59 IST" name="tearDown" finished-at="2026-06-22T10:45:59 IST" duration-ms="299" status="PASS">
          <reporter-output>
          </reporter-output>
        </test-method> <!-- tearDown -->
        <test-method is-config="true" signature="setUp()[pri:0, instance:com.qa.testcases.LoginPageTest@732d0d24]" started-at="2026-06-22T10:45:59 IST" name="setUp" finished-at="2026-06-22T10:46:03 IST" duration-ms="3693" status="PASS">
          <reporter-output>
          </reporter-output>
        </test-method> <!-- setUp -->
        <test-method signature="loginwithEmptyFiled()[pri:3, instance:com.qa.testcases.LoginPageTest@732d0d24]" started-at="2026-06-22T10:46:03 IST" name="loginwithEmptyFiled" description="Verify user login with blank username and password" finished-at="2026-06-22T10:46:04 IST" duration-ms="1002" status="PASS">
          <reporter-output>
          </reporter-output>
        </test-method> <!-- loginwithEmptyFiled -->
        <test-method is-config="true" signature="tearDown()[pri:0, instance:com.qa.testcases.LoginPageTest@732d0d24]" started-at="2026-06-22T10:46:04 IST" name="tearDown" finished-at="2026-06-22T10:46:04 IST" duration-ms="251" status="PASS">
          <reporter-output>
          </reporter-output>
        </test-method> <!-- tearDown -->
        <test-method is-config="true" signature="setUp()[pri:0, instance:com.qa.testcases.LoginPageTest@732d0d24]" started-at="2026-06-22T10:46:04 IST" name="setUp" finished-at="2026-06-22T10:46:08 IST" duration-ms="4132" status="PASS">
          <reporter-output>
          </reporter-output>
        </test-method> <!-- setUp -->
        <test-method signature="testTogglePasswordVisibility_WhenUserClicksEyeIcon()[pri:4, instance:com.qa.testcases.LoginPageTest@732d0d24]" started-at="2026-06-22T10:46:08 IST" name="testTogglePasswordVisibility_WhenUserClicksEyeIcon" description="Veriry  password toggle Functionslity" finished-at="2026-06-22T10:46:10 IST" duration-ms="1262" status="PASS">
          <reporter-output>
          </reporter-output>
        </test-method> <!-- testTogglePasswordVisibility_WhenUserClicksEyeIcon -->
        <test-method is-config="true" signature="tearDown()[pri:0, instance:com.qa.testcases.LoginPageTest@732d0d24]" started-at="2026-06-22T10:46:10 IST" name="tearDown" finished-at="2026-06-22T10:46:10 IST" duration-ms="264" status="PASS">
          <reporter-output>
          </reporter-output>
        </test-method> <!-- tearDown -->
        <test-method is-config="true" signature="setUp()[pri:0, instance:com.qa.testcases.LoginPageTest@732d0d24]" started-at="2026-06-22T10:46:10 IST" name="setUp" finished-at="2026-06-22T10:46:15 IST" duration-ms="5085" status="PASS">
          <reporter-output>
          </reporter-output>
        </test-method> <!-- setUp -->
        <test-method signature="testLogoisDisplay()[pri:5, instance:com.qa.testcases.LoginPageTest@732d0d24]" started-at="2026-06-22T10:46:15 IST" name="testLogoisDisplay" description=" Verify logo is visible on the page" finished-at="2026-06-22T10:46:15 IST" duration-ms="38" status="PASS">
          <reporter-output>
          </reporter-output>
        </test-method> <!-- testLogoisDisplay -->
        <test-method is-config="true" signature="tearDown()[pri:0, instance:com.qa.testcases.LoginPageTest@732d0d24]" started-at="2026-06-22T10:46:15 IST" name="tearDown" finished-at="2026-06-22T10:46:15 IST" duration-ms="272" status="PASS">
          <reporter-output>
          </reporter-output>
        </test-method> <!-- tearDown -->
      </class> <!-- com.qa.testcases.LoginPageTest -->
    </test> <!-- Test -->
  </suite> <!-- Login Test -->
</testng-results>
