<?xml version="1.0" encoding="UTF-8"?>
<testng-results ignored="0" total="5" passed="5" failed="0" skipped="0">
  <reporter-output>
  </reporter-output>
  <suite started-at="2026-06-22T10:00:58 IST" name="Login Test" finished-at="2026-06-22T10:01:42 IST" duration-ms="44423">
    <groups>
      <group name="smoke">
        <method signature="LoginPageTest.testloginWithValidInput()[pri:1, instance:com.qa.testcases.LoginPageTest@2141a12]" name="testloginWithValidInput" class="com.qa.testcases.LoginPageTest"/>
      </group> <!-- smoke -->
    </groups>
    <test started-at="2026-06-22T10:00:58 IST" name="Test" finished-at="2026-06-22T10:01:42 IST" duration-ms="44423">
      <class name="com.qa.testcases.LoginPageTest">
        <test-method is-config="true" signature="setUp()[pri:0, instance:com.qa.testcases.LoginPageTest@2141a12]" started-at="2026-06-22T10:00:58 IST" name="setUp" finished-at="2026-06-22T10:01:02 IST" duration-ms="4351" status="PASS">
          <reporter-output>
          </reporter-output>
        </test-method> <!-- setUp -->
        <test-method signature="testloginWithValidInput()[pri:1, instance:com.qa.testcases.LoginPageTest@2141a12]" started-at="2026-06-22T10:01:02 IST" name="testloginWithValidInput" description="Verify login with valid crendintial" finished-at="2026-06-22T10:01:12 IST" duration-ms="10065" status="PASS">
          <reporter-output>
          </reporter-output>
        </test-method> <!-- testloginWithValidInput -->
        <test-method is-config="true" signature="tearDown()[pri:0, instance:com.qa.testcases.LoginPageTest@2141a12]" started-at="2026-06-22T10:01:12 IST" name="tearDown" finished-at="2026-06-22T10:01:13 IST" duration-ms="234" status="PASS">
          <reporter-output>
          </reporter-output>
        </test-method> <!-- tearDown -->
        <test-method is-config="true" signature="setUp()[pri:0, instance:com.qa.testcases.LoginPageTest@2141a12]" started-at="2026-06-22T10:01:13 IST" name="setUp" finished-at="2026-06-22T10:01:20 IST" duration-ms="7627" status="PASS">
          <reporter-output>
          </reporter-output>
        </test-method> <!-- setUp -->
        <test-method signature="testloginWithInvalidData()[pri:2, instance:com.qa.testcases.LoginPageTest@2141a12]" started-at="2026-06-22T10:01:20 IST" name="testloginWithInvalidData" description="Verify user login with Invalid  credentials" finished-at="2026-06-22T10:01:21 IST" duration-ms="808" status="PASS">
          <reporter-output>
          </reporter-output>
        </test-method> <!-- testloginWithInvalidData -->
        <test-method is-config="true" signature="tearDown()[pri:0, instance:com.qa.testcases.LoginPageTest@2141a12]" started-at="2026-06-22T10:01:21 IST" name="tearDown" finished-at="2026-06-22T10:01:21 IST" duration-ms="218" status="PASS">
          <reporter-output>
          </reporter-output>
        </test-method> <!-- tearDown -->
        <test-method is-config="true" signature="setUp()[pri:0, instance:com.qa.testcases.LoginPageTest@2141a12]" started-at="2026-06-22T10:01:21 IST" name="setUp" finished-at="2026-06-22T10:01:29 IST" duration-ms="7858" status="PASS">
          <reporter-output>
          </reporter-output>
        </test-method> <!-- setUp -->
        <test-method signature="loginwithEmptyFiled()[pri:3, instance:com.qa.testcases.LoginPageTest@2141a12]" started-at="2026-06-22T10:01:29 IST" name="loginwithEmptyFiled" description="Verify user login with blank username and password" finished-at="2026-06-22T10:01:30 IST" duration-ms="326" status="PASS">
          <reporter-output>
          </reporter-output>
        </test-method> <!-- loginwithEmptyFiled -->
        <test-method is-config="true" signature="tearDown()[pri:0, instance:com.qa.testcases.LoginPageTest@2141a12]" started-at="2026-06-22T10:01:30 IST" name="tearDown" finished-at="2026-06-22T10:01:30 IST" duration-ms="208" status="PASS">
          <reporter-output>
          </reporter-output>
        </test-method> <!-- tearDown -->
        <test-method is-config="true" signature="setUp()[pri:0, instance:com.qa.testcases.LoginPageTest@2141a12]" started-at="2026-06-22T10:01:30 IST" name="setUp" finished-at="2026-06-22T10:01:35 IST" duration-ms="5639" status="PASS">
          <reporter-output>
          </reporter-output>
        </test-method> <!-- setUp -->
        <test-method signature="testTogglePasswordVisibility_WhenUserClicksEyeIcon()[pri:4, instance:com.qa.testcases.LoginPageTest@2141a12]" started-at="2026-06-22T10:01:35 IST" name="testTogglePasswordVisibility_WhenUserClicksEyeIcon" description="Veriry  password toggle Functionslity" finished-at="2026-06-22T10:01:36 IST" duration-ms="657" status="PASS">
          <reporter-output>
          </reporter-output>
        </test-method> <!-- testTogglePasswordVisibility_WhenUserClicksEyeIcon -->
        <test-method is-config="true" signature="tearDown()[pri:0, instance:com.qa.testcases.LoginPageTest@2141a12]" started-at="2026-06-22T10:01:36 IST" name="tearDown" finished-at="2026-06-22T10:01:36 IST" duration-ms="245" status="PASS">
          <reporter-output>
          </reporter-output>
        </test-method> <!-- tearDown -->
        <test-method is-config="true" signature="setUp()[pri:0, instance:com.qa.testcases.LoginPageTest@2141a12]" started-at="2026-06-22T10:01:36 IST" name="setUp" finished-at="2026-06-22T10:01:42 IST" duration-ms="5445" status="PASS">
          <reporter-output>
          </reporter-output>
        </test-method> <!-- setUp -->
        <test-method signature="testLogoisDisplay()[pri:5, instance:com.qa.testcases.LoginPageTest@2141a12]" started-at="2026-06-22T10:01:42 IST" name="testLogoisDisplay" description=" Verify logo is visible on the page" finished-at="2026-06-22T10:01:42 IST" duration-ms="52" status="PASS">
          <reporter-output>
          </reporter-output>
        </test-method> <!-- testLogoisDisplay -->
        <test-method is-config="true" signature="tearDown()[pri:0, instance:com.qa.testcases.LoginPageTest@2141a12]" started-at="2026-06-22T10:01:42 IST" name="tearDown" finished-at="2026-06-22T10:01:42 IST" duration-ms="220" status="PASS">
          <reporter-output>
          </reporter-output>
        </test-method> <!-- tearDown -->
      </class> <!-- com.qa.testcases.LoginPageTest -->
    </test> <!-- Test -->
  </suite> <!-- Login Test -->
</testng-results>
