<?xml version="1.0" encoding="UTF-8"?>
<testng-results ignored="0" total="5" passed="5" failed="0" skipped="0">
  <reporter-output>
  </reporter-output>
  <suite started-at="2026-03-07T06:18:03 IST" name="Login Test" finished-at="2026-03-07T06:18:30 IST" duration-ms="26712">
    <groups>
      <group name="smoke">
        <method signature="LoginPageTest.testloginWithValidInput()[pri:1, instance:com.qa.testcases.LoginPageTest@2bb3058]" name="testloginWithValidInput" class="com.qa.testcases.LoginPageTest"/>
      </group> <!-- smoke -->
    </groups>
    <test started-at="2026-03-07T06:18:03 IST" name="Test" finished-at="2026-03-07T06:18:30 IST" duration-ms="26712">
      <class name="com.qa.testcases.LoginPageTest">
        <test-method is-config="true" signature="setUp()[pri:0, instance:com.qa.testcases.LoginPageTest@2bb3058]" started-at="2026-03-07T06:18:03 IST" name="setUp" finished-at="2026-03-07T06:18:11 IST" duration-ms="7959" status="PASS">
          <reporter-output>
          </reporter-output>
        </test-method> <!-- setUp -->
        <test-method signature="testloginWithValidInput()[pri:1, instance:com.qa.testcases.LoginPageTest@2bb3058]" started-at="2026-03-07T06:18:11 IST" name="testloginWithValidInput" description="Verify login with valid crendintial" finished-at="2026-03-07T06:18:15 IST" duration-ms="3481" status="PASS">
          <reporter-output>
          </reporter-output>
        </test-method> <!-- testloginWithValidInput -->
        <test-method is-config="true" signature="tearDown()[pri:0, instance:com.qa.testcases.LoginPageTest@2bb3058]" started-at="2026-03-07T06:18:15 IST" name="tearDown" finished-at="2026-03-07T06:18:15 IST" duration-ms="320" status="PASS">
          <reporter-output>
          </reporter-output>
        </test-method> <!-- tearDown -->
        <test-method is-config="true" signature="setUp()[pri:0, instance:com.qa.testcases.LoginPageTest@2bb3058]" started-at="2026-03-07T06:18:15 IST" name="setUp" finished-at="2026-03-07T06:18:18 IST" duration-ms="2653" status="PASS">
          <reporter-output>
          </reporter-output>
        </test-method> <!-- setUp -->
        <test-method signature="testloginWithInvalidData()[pri:2, instance:com.qa.testcases.LoginPageTest@2bb3058]" started-at="2026-03-07T06:18:18 IST" name="testloginWithInvalidData" description="Verify user login with Invalid  credentials" finished-at="2026-03-07T06:18:20 IST" duration-ms="1563" status="PASS">
          <reporter-output>
          </reporter-output>
        </test-method> <!-- testloginWithInvalidData -->
        <test-method is-config="true" signature="tearDown()[pri:0, instance:com.qa.testcases.LoginPageTest@2bb3058]" started-at="2026-03-07T06:18:20 IST" name="tearDown" finished-at="2026-03-07T06:18:20 IST" duration-ms="241" status="PASS">
          <reporter-output>
          </reporter-output>
        </test-method> <!-- tearDown -->
        <test-method is-config="true" signature="setUp()[pri:0, instance:com.qa.testcases.LoginPageTest@2bb3058]" started-at="2026-03-07T06:18:20 IST" name="setUp" finished-at="2026-03-07T06:18:22 IST" duration-ms="2162" status="PASS">
          <reporter-output>
          </reporter-output>
        </test-method> <!-- setUp -->
        <test-method signature="loginwithEmptyFiled()[pri:3, instance:com.qa.testcases.LoginPageTest@2bb3058]" started-at="2026-03-07T06:18:22 IST" name="loginwithEmptyFiled" description="Verify user login with blank username and password" finished-at="2026-03-07T06:18:23 IST" duration-ms="1314" status="PASS">
          <reporter-output>
          </reporter-output>
        </test-method> <!-- loginwithEmptyFiled -->
        <test-method is-config="true" signature="tearDown()[pri:0, instance:com.qa.testcases.LoginPageTest@2bb3058]" started-at="2026-03-07T06:18:23 IST" name="tearDown" finished-at="2026-03-07T06:18:23 IST" duration-ms="228" status="PASS">
          <reporter-output>
          </reporter-output>
        </test-method> <!-- tearDown -->
        <test-method is-config="true" signature="setUp()[pri:0, instance:com.qa.testcases.LoginPageTest@2bb3058]" started-at="2026-03-07T06:18:23 IST" name="setUp" finished-at="2026-03-07T06:18:26 IST" duration-ms="2181" status="PASS">
          <reporter-output>
          </reporter-output>
        </test-method> <!-- setUp -->
        <test-method signature="testTogglePasswordVisibility_WhenUserClicksEyeIcon()[pri:4, instance:com.qa.testcases.LoginPageTest@2bb3058]" started-at="2026-03-07T06:18:26 IST" name="testTogglePasswordVisibility_WhenUserClicksEyeIcon" description="Veriry  password toggle Functionslity" finished-at="2026-03-07T06:18:27 IST" duration-ms="1185" status="PASS">
          <reporter-output>
          </reporter-output>
        </test-method> <!-- testTogglePasswordVisibility_WhenUserClicksEyeIcon -->
        <test-method is-config="true" signature="tearDown()[pri:0, instance:com.qa.testcases.LoginPageTest@2bb3058]" started-at="2026-03-07T06:18:27 IST" name="tearDown" finished-at="2026-03-07T06:18:27 IST" duration-ms="217" status="PASS">
          <reporter-output>
          </reporter-output>
        </test-method> <!-- tearDown -->
        <test-method is-config="true" signature="setUp()[pri:0, instance:com.qa.testcases.LoginPageTest@2bb3058]" started-at="2026-03-07T06:18:27 IST" name="setUp" finished-at="2026-03-07T06:18:29 IST" duration-ms="2402" status="PASS">
          <reporter-output>
          </reporter-output>
        </test-method> <!-- setUp -->
        <test-method signature="testLogoisDisplay()[pri:5, instance:com.qa.testcases.LoginPageTest@2bb3058]" started-at="2026-03-07T06:18:29 IST" name="testLogoisDisplay" description=" Verify logo is visible on the page" finished-at="2026-03-07T06:18:30 IST" duration-ms="41" status="PASS">
          <reporter-output>
          </reporter-output>
        </test-method> <!-- testLogoisDisplay -->
        <test-method is-config="true" signature="tearDown()[pri:0, instance:com.qa.testcases.LoginPageTest@2bb3058]" started-at="2026-03-07T06:18:30 IST" name="tearDown" finished-at="2026-03-07T06:18:30 IST" duration-ms="248" status="PASS">
          <reporter-output>
          </reporter-output>
        </test-method> <!-- tearDown -->
      </class> <!-- com.qa.testcases.LoginPageTest -->
    </test> <!-- Test -->
  </suite> <!-- Login Test -->
</testng-results>
