<?xml version="1.0" encoding="UTF-8"?>
<!-- Generated by org.testng.reporters.JUnitReportReporter -->
<testsuite hostname="DESKTOP-S2085P6" failures="0" tests="5" name="com.qa.testcases.LoginPageTest" time="43.953" errors="0" timestamp="2026-06-22T10:01:42 IST" skipped="0">
  <testcase classname="com.qa.testcases.LoginPageTest" name="testloginWithValidInput" time="15.938"/>
  <testcase classname="com.qa.testcases.LoginPageTest" name="testloginWithInvalidData" time="6.473"/>
  <testcase classname="com.qa.testcases.LoginPageTest" name="loginwithEmptyFiled" time="4.895"/>
  <testcase classname="com.qa.testcases.LoginPageTest" name="testTogglePasswordVisibility_WhenUserClicksEyeIcon" time="8.529"/>
  <testcase classname="com.qa.testcases.LoginPageTest" name="testLogoisDisplay" time="8.118"/>
</testsuite> <!-- com.qa.testcases.LoginPageTest -->
