<?xml version="1.0" encoding="UTF-8"?>
<!-- Generated by org.testng.reporters.JUnitReportReporter -->
<testsuite hostname="DESKTOP-S2085P6" failures="0" tests="11" name="com.qa.testcases.BrandPageTest" time="199.555" errors="1" timestamp="2025-06-18T12:59:39 IST" skipped="10">
  <testcase classname="com.qa.testcases.BrandPageTest" name="testEditExistingBrandDetailsSuccessfully" time="199.555">
    <error message="element click intercepted: Element &lt;a class=&quot;me-2 p-2&quot; href=&quot;#&quot; data-bs-toggle=&quot;modal&quot; data-bs-target=&quot;#edit-brand&quot; onclick=&quot;editBrand(11, &#039;Brand&#039;, &#039;1&#039;)&quot;&gt;...&lt;/a&gt; is not clickable at point (336, 359). Other element would receive the click: &lt;div class=&quot;modal fade show&quot; id=&quot;edit-brand&quot; aria-modal=&quot;true&quot; role=&quot;dialog&quot; style=&quot;display: block;&quot;&gt;...&lt;/div&gt;
  (Session info: chrome=137.0.7151.104)
Build info: version: &#039;4.25.0&#039;, revision: &#039;8a8aea2337&#039;
System info: os.name: &#039;Windows 10&#039;, os.arch: &#039;amd64&#039;, os.version: &#039;10.0&#039;, java.version: &#039;17.0.1&#039;
Driver info: org.openqa.selenium.chrome.ChromeDriver
Command: [76de3d6a2bb0c184d3349607fe14c937, clickElement {id=f.D9568204696A077872444E2573E4F985.d.08FDC2D15B8952EA021B78A8D5AB7B79.e.110}]
Capabilities {acceptInsecureCerts: false, browserName: chrome, browserVersion: 137.0.7151.104, chrome: {chromedriverVersion: 137.0.7151.119 (e0ac9d12dff..., userDataDir: C:\Users\sashw\AppData\Loca...}, fedcm:accounts: true, goog:chromeOptions: {debuggerAddress: localhost:65011}, networkConnectionEnabled: false, pageLoadStrategy: normal, platformName: windows, proxy: Proxy(), se:cdp: ws://localhost:65011/devtoo..., se:cdpVersion: 137.0.7151.104, setWindowRect: true, strictFileInteractability: false, timeouts: {implicit: 0, pageLoad: 300000, script: 30000}, unhandledPromptBehavior: dismiss and notify, webauthn:extension:credBlob: true, webauthn:extension:largeBlob: true, webauthn:extension:minPinLength: true, webauthn:extension:prf: true, webauthn:virtualAuthenticators: true}
Element: [[ChromeDriver: chrome on windows (76de3d6a2bb0c184d3349607fe14c937)] -&gt; css selector: tbody tr:nth-child(1) td:nth-child(1) div:nth-child(1) a:nth-child(1)]
Session ID: 76de3d6a2bb0c184d3349607fe14c937" type="org.openqa.selenium.ElementClickInterceptedException">
      <![CDATA[org.openqa.selenium.ElementClickInterceptedException: element click intercepted: Element <a class="me-2 p-2" href="#" data-bs-toggle="modal" data-bs-target="#edit-brand" onclick="editBrand(11, 'Brand', '1')">...</a> is not clickable at point (336, 359). Other element would receive the click: <div class="modal fade show" id="edit-brand" aria-modal="true" role="dialog" style="display: block;">...</div>
  (Session info: chrome=137.0.7151.104)
Build info: version: '4.25.0', revision: '8a8aea2337'
System info: os.name: 'Windows 10', os.arch: 'amd64', os.version: '10.0', java.version: '17.0.1'
Driver info: org.openqa.selenium.chrome.ChromeDriver
Command: [76de3d6a2bb0c184d3349607fe14c937, clickElement {id=f.D9568204696A077872444E2573E4F985.d.08FDC2D15B8952EA021B78A8D5AB7B79.e.110}]
Capabilities {acceptInsecureCerts: false, browserName: chrome, browserVersion: 137.0.7151.104, chrome: {chromedriverVersion: 137.0.7151.119 (e0ac9d12dff..., userDataDir: C:\Users\sashw\AppData\Loca...}, fedcm:accounts: true, goog:chromeOptions: {debuggerAddress: localhost:65011}, networkConnectionEnabled: false, pageLoadStrategy: normal, platformName: windows, proxy: Proxy(), se:cdp: ws://localhost:65011/devtoo..., se:cdpVersion: 137.0.7151.104, setWindowRect: true, strictFileInteractability: false, timeouts: {implicit: 0, pageLoad: 300000, script: 30000}, unhandledPromptBehavior: dismiss and notify, webauthn:extension:credBlob: true, webauthn:extension:largeBlob: true, webauthn:extension:minPinLength: true, webauthn:extension:prf: true, webauthn:virtualAuthenticators: true}
Element: [[ChromeDriver: chrome on windows (76de3d6a2bb0c184d3349607fe14c937)] -> css selector: tbody tr:nth-child(1) td:nth-child(1) div:nth-child(1) a:nth-child(1)]
Session ID: 76de3d6a2bb0c184d3349607fe14c937
at java.base/jdk.internal.reflect.NativeConstructorAccessorImpl.newInstance0(Native Method)
at java.base/jdk.internal.reflect.NativeConstructorAccessorImpl.newInstance(NativeConstructorAccessorImpl.java:77)
at java.base/jdk.internal.reflect.DelegatingConstructorAccessorImpl.newInstance(DelegatingConstructorAccessorImpl.java:45)
at java.base/java.lang.reflect.Constructor.newInstanceWithCaller(Constructor.java:499)
at java.base/java.lang.reflect.Constructor.newInstance(Constructor.java:480)
at org.openqa.selenium.remote.ErrorCodec.decode(ErrorCodec.java:167)
at org.openqa.selenium.remote.codec.w3c.W3CHttpResponseCodec.decode(W3CHttpResponseCodec.java:138)
at org.openqa.selenium.remote.codec.w3c.W3CHttpResponseCodec.decode(W3CHttpResponseCodec.java:50)
at org.openqa.selenium.remote.HttpCommandExecutor.execute(HttpCommandExecutor.java:190)
at org.openqa.selenium.remote.service.DriverCommandExecutor.invokeExecute(DriverCommandExecutor.java:216)
at org.openqa.selenium.remote.service.DriverCommandExecutor.execute(DriverCommandExecutor.java:174)
at org.openqa.selenium.remote.RemoteWebDriver.execute(RemoteWebDriver.java:545)
at org.openqa.selenium.remote.RemoteWebElement.execute(RemoteWebElement.java:223)
at org.openqa.selenium.remote.RemoteWebElement.click(RemoteWebElement.java:76)
at java.base/jdk.internal.reflect.NativeMethodAccessorImpl.invoke0(Native Method)
at java.base/jdk.internal.reflect.NativeMethodAccessorImpl.invoke(NativeMethodAccessorImpl.java:77)
at java.base/jdk.internal.reflect.DelegatingMethodAccessorImpl.invoke(DelegatingMethodAccessorImpl.java:43)
at java.base/java.lang.reflect.Method.invoke(Method.java:568)
at org.openqa.selenium.support.pagefactory.internal.LocatingElementHandler.invoke(LocatingElementHandler.java:51)
at jdk.proxy2/jdk.proxy2.$Proxy13.click(Unknown Source)
at com.qa.pages.BrandPage.clickonEditOption(BrandPage.java:161)
at com.qa.testcases.BrandPageTest.testEditExistingBrandDetailsSuccessfully(BrandPageTest.java:64)
at java.base/jdk.internal.reflect.NativeMethodAccessorImpl.invoke0(Native Method)
at java.base/jdk.internal.reflect.NativeMethodAccessorImpl.invoke(NativeMethodAccessorImpl.java:77)
at java.base/jdk.internal.reflect.DelegatingMethodAccessorImpl.invoke(DelegatingMethodAccessorImpl.java:43)
at java.base/java.lang.reflect.Method.invoke(Method.java:568)
at org.testng.internal.invokers.MethodInvocationHelper.invokeMethod(MethodInvocationHelper.java:139)
at org.testng.internal.invokers.TestInvoker.invokeMethod(TestInvoker.java:664)
at org.testng.internal.invokers.TestInvoker.invokeTestMethod(TestInvoker.java:228)
at org.testng.internal.invokers.MethodRunner.runInSequence(MethodRunner.java:63)
at org.testng.internal.invokers.TestInvoker$MethodInvocationAgent.invoke(TestInvoker.java:961)
at org.testng.internal.invokers.TestInvoker.invokeTestMethods(TestInvoker.java:201)
at org.testng.internal.invokers.TestMethodWorker.invokeTestMethods(TestMethodWorker.java:148)
at org.testng.internal.invokers.TestMethodWorker.run(TestMethodWorker.java:128)
at java.base/java.util.ArrayList.forEach(ArrayList.java:1511)
at org.testng.TestRunner.privateRun(TestRunner.java:819)
at org.testng.TestRunner.run(TestRunner.java:619)
at org.testng.SuiteRunner.runTest(SuiteRunner.java:443)
at org.testng.SuiteRunner.runSequentially(SuiteRunner.java:437)
at org.testng.SuiteRunner.privateRun(SuiteRunner.java:397)
at org.testng.SuiteRunner.run(SuiteRunner.java:336)
at org.testng.SuiteRunnerWorker.runSuite(SuiteRunnerWorker.java:52)
at org.testng.SuiteRunnerWorker.run(SuiteRunnerWorker.java:95)
at org.testng.TestNG.runSuitesSequentially(TestNG.java:1301)
at org.testng.TestNG.runSuitesLocally(TestNG.java:1228)
at org.testng.TestNG.runSuites(TestNG.java:1134)
at org.testng.TestNG.run(TestNG.java:1101)
at org.testng.remote.AbstractRemoteTestNG.run(AbstractRemoteTestNG.java:115)
at org.testng.remote.RemoteTestNG.initAndRun(RemoteTestNG.java:293)
at org.testng.remote.RemoteTestNG.main(RemoteTestNG.java:91)
]]>
    </error>
  </testcase> <!-- testEditExistingBrandDetailsSuccessfully -->
  <testcase classname="com.qa.testcases.BrandPageTest" name="testAddNewBrandWithEmptyFiled">
    <skipped/>
  </testcase> <!-- testAddNewBrandWithEmptyFiled -->
  <testcase classname="com.qa.testcases.BrandPageTest" name="testSearchBrandWithInvalidName_ShouldShowNoResultsMessage">
    <skipped/>
  </testcase> <!-- testSearchBrandWithInvalidName_ShouldShowNoResultsMessage -->
  <testcase classname="com.qa.testcases.BrandPageTest" name="testAddNewBrandWithValidInput">
    <skipped/>
  </testcase> <!-- testAddNewBrandWithValidInput -->
  <testcase classname="com.qa.testcases.BrandPageTest" name="testDeleteExistingBrandSuccessfully">
    <skipped/>
  </testcase> <!-- testDeleteExistingBrandSuccessfully -->
  <testcase classname="com.qa.testcases.BrandPageTest" name="testEditBrandDetailsWithoutAnyModification_ShouldSaveSuccessfully">
    <skipped/>
  </testcase> <!-- testEditBrandDetailsWithoutAnyModification_ShouldSaveSuccessfully -->
  <testcase classname="com.qa.testcases.BrandPageTest" name="testSearchBrandByPartialName_ShouldReturnMatchingResults">
    <skipped/>
  </testcase> <!-- testSearchBrandByPartialName_ShouldReturnMatchingResults -->
  <testcase classname="com.qa.testcases.BrandPageTest" name="testSearchBrandByValidName">
    <skipped/>
  </testcase> <!-- testSearchBrandByValidName -->
  <testcase classname="com.qa.testcases.BrandPageTest" name="testAddNewBrandWithDuplicateName_ShouldShowValidationError">
    <skipped/>
  </testcase> <!-- testAddNewBrandWithDuplicateName_ShouldShowValidationError -->
  <testcase classname="com.qa.testcases.BrandPageTest" name="testDeleteBrand_VerifyConfirmationPopupAppears">
    <skipped/>
  </testcase> <!-- testDeleteBrand_VerifyConfirmationPopupAppears -->
  <testcase classname="com.qa.testcases.BrandPageTest" name="testCancelDeleteAction_ShouldNotRemoveBrand">
    <skipped/>
  </testcase> <!-- testCancelDeleteAction_ShouldNotRemoveBrand -->
</testsuite> <!-- com.qa.testcases.BrandPageTest -->
