<?xml version="1.0" encoding="UTF-8"?>
<!-- Generated by org.testng.reporters.JUnitReportReporter -->
<testsuite hostname="DESKTOP-S2085P6" failures="0" tests="3" name="com.qa.testcases.CategoryPageTest" time="4644.178" errors="0" timestamp="2025-06-27T14:37:21 IST" skipped="1">
  <testcase classname="com.qa.testcases.CategoryPageTest" name="testAddCategoryWithEmptyFiled" time="328.370"/>
  <testcase classname="com.qa.testcases.CategoryPageTest" name="testaddNewCategoryWithValid_Input" time="4315.808"/>
  <testcase classname="com.qa.testcases.CategoryPageTest" name="testAddNewCategory_WithDuplicateName">
    <skipped/>
  </testcase> <!-- testAddNewCategory_WithDuplicateName -->
</testsuite> <!-- com.qa.testcases.CategoryPageTest -->
