<?xml version="1.0" encoding="UTF-8"?>
<!-- Generated by org.testng.reporters.JUnitReportReporter -->
<testsuite hostname="DESKTOP-S2085P6" failures="0" tests="5" name="com.qa.testcases.LoginPageTest" time="26.195" errors="0" timestamp="2026-03-07T06:18:30 IST" skipped="0">
  <testcase classname="com.qa.testcases.LoginPageTest" name="testloginWithValidInput" time="6.203"/>
  <testcase classname="com.qa.testcases.LoginPageTest" name="testloginWithInvalidData" time="9.763"/>
  <testcase classname="com.qa.testcases.LoginPageTest" name="loginwithEmptyFiled" time="3.723"/>
  <testcase classname="com.qa.testcases.LoginPageTest" name="testTogglePasswordVisibility_WhenUserClicksEyeIcon" time="3.564"/>
  <testcase classname="com.qa.testcases.LoginPageTest" name="testLogoisDisplay" time="2.942"/>
</testsuite> <!-- com.qa.testcases.LoginPageTest -->
