<?xml version="1.0" encoding="UTF-8"?>
<!-- Generated by org.testng.reporters.JUnitReportReporter -->
<testsuite hostname="DESKTOP-S2085P6" failures="0" tests="5" name="com.qa.testcases.LoginPageTest" time="39.395" errors="0" timestamp="2026-06-22T10:46:16 IST" skipped="0">
  <testcase classname="com.qa.testcases.LoginPageTest" name="testloginWithValidInput" time="17.149"/>
  <testcase classname="com.qa.testcases.LoginPageTest" name="testloginWithInvalidData" time="6.099"/>
  <testcase classname="com.qa.testcases.LoginPageTest" name="loginwithEmptyFiled" time="4.994"/>
  <testcase classname="com.qa.testcases.LoginPageTest" name="testTogglePasswordVisibility_WhenUserClicksEyeIcon" time="6.732"/>
  <testcase classname="com.qa.testcases.LoginPageTest" name="testLogoisDisplay" time="4.421"/>
</testsuite> <!-- com.qa.testcases.LoginPageTest -->
