<?xml version="1.0" encoding="UTF-8"?>
<!-- Generated by org.testng.reporters.JUnitXMLReporter -->
<testsuite ignored="0" hostname="DESKTOP-S2085P6" failures="0" tests="5" name="Test" time="26.712" errors="0" timestamp="2026-03-07T06:18:30 IST">
  <testcase classname="com.qa.testcases.LoginPageTest" name="testloginWithValidInput" time="3.481"/>
  <testcase classname="com.qa.testcases.LoginPageTest" name="testloginWithInvalidData" time="1.563"/>
  <testcase classname="com.qa.testcases.LoginPageTest" name="loginwithEmptyFiled" time="1.314"/>
  <testcase classname="com.qa.testcases.LoginPageTest" name="testTogglePasswordVisibility_WhenUserClicksEyeIcon" time="1.185"/>
  <testcase classname="com.qa.testcases.LoginPageTest" name="testLogoisDisplay" time="0.041"/>
</testsuite> <!-- Test -->
