<?xml version="1.0" encoding="UTF-8"?>
<!-- Generated by org.testng.reporters.JUnitXMLReporter -->
<testsuite ignored="0" hostname="DESKTOP-S2085P6" failures="0" tests="5" name="Test" time="44.423" errors="0" timestamp="2026-06-22T10:01:42 IST">
  <testcase classname="com.qa.testcases.LoginPageTest" name="testloginWithValidInput" time="10.065"/>
  <testcase classname="com.qa.testcases.LoginPageTest" name="testloginWithInvalidData" time="0.808"/>
  <testcase classname="com.qa.testcases.LoginPageTest" name="loginwithEmptyFiled" time="0.326"/>
  <testcase classname="com.qa.testcases.LoginPageTest" name="testTogglePasswordVisibility_WhenUserClicksEyeIcon" time="0.657"/>
  <testcase classname="com.qa.testcases.LoginPageTest" name="testLogoisDisplay" time="0.052"/>
</testsuite> <!-- Test -->
